[INFO] 23:03:17:050 tp0/(2544:2544): Soy un Log
[INFO] 23:03:17:050 tp0/(2544:2544): El valor obtenido es valor
[INFO] 23:03:24:879 tp0/(2544:2544): El mensaje ingresado por consola es Mensajes del log

[INFO] 23:08:50:161 tp0/(2884:2884): Soy un Log
[INFO] 23:08:50:162 tp0/(2884:2884): El valor obtenido es valor
[INFO] 23:08:51:967 tp0/(2884:2884): asd
[INFO] 23:09:06:374 tp0/(2903:2903): Soy un Log
[INFO] 23:09:06:374 tp0/(2903:2903): El valor obtenido es valor
[INFO] 23:09:37:663 tp0/(2926:2926): Soy un Log
[INFO] 23:09:37:663 tp0/(2926:2926): El valor obtenido es valor
[INFO] 23:09:43:926 TP0/(2926:2926): asd
[INFO] 23:10:19:775 tp0/(2971:2971): Soy un Log
[INFO] 23:10:19:775 tp0/(2971:2971): El valor obtenido es valor
[INFO] 23:10:36:320 TP0/(2971:2971): asd
[INFO] 23:18:43:454 tp0/(3579:3579): Soy un Log
[INFO] 23:18:43:454 tp0/(3579:3579): El valor obtenido es valor
[INFO] 23:19:12:497 tp0/(3674:3674): Soy un Log
[INFO] 23:19:12:497 tp0/(3674:3674): El valor obtenido es valor
[INFO] 23:19:24:026 tp0/(3695:3695): Soy un Log
[INFO] 23:19:24:026 tp0/(3695:3695): El valor obtenido es valor
[INFO] 23:19:51:238 tp0/(3738:3738): Soy un Log
[INFO] 23:19:51:238 tp0/(3738:3738): El valor obtenido es valor
[INFO] 23:20:43:781 tp0/(3876:3876): Soy un Log
[INFO] 23:20:43:781 tp0/(3876:3876): El valor obtenido es valor
[INFO] 23:23:21:769 tp0/(4006:4006): Soy un Log
[INFO] 23:23:21:769 tp0/(4006:4006): El valor obtenido es valor
[INFO] 23:25:11:002 tp0/(4110:4110): Soy un Log
[INFO] 23:25:11:002 tp0/(4110:4110): El valor obtenido es valor
